[31m[Nest] 2876  - [39m17.04.2026 15:58:00 [31m  ERROR[39m [38;5;3m[ExceptionsHandler] [39mPrismaClientKnownRequestError: 
Invalid `this.prisma.reservation.findMany()` invocation in
C:\Users\polat\Oto-Yikama\oto-yikama-backend\src\reservations\reservations.service.ts:116:38

  113   throw error;
  114 }
  115 
→ 116 return this.prisma.reservation.findMany(
The column `Reservation.status` does not exist in the current database.
    at ei.handleRequestError [90m(C:\Users\polat\Oto-Yikama\oto-yikama-backend\[39mnode_modules\[4m@prisma\client[24m\src\runtime\RequestHandler.ts:228:13[90m)[39m
    at ei.handleAndLogRequestError [90m(C:\Users\polat\Oto-Yikama\oto-yikama-backend\[39mnode_modules\[4m@prisma\client[24m\src\runtime\RequestHandler.ts:174:12[90m)[39m
    at ei.request [90m(C:\Users\polat\Oto-Yikama\oto-yikama-backend\[39mnode_modules\[4m@prisma\client[24m\src\runtime\RequestHandler.ts:143:12[90m)[39m
    at async a [90m(C:\Users\polat\Oto-Yikama\oto-yikama-backend\[39mnode_modules\[4m@prisma\client[24m\src\runtime\getPrismaClient.ts:833:24[90m)[39m
    at async ReservationsService.getAvailableHours [90m(C:\Users\polat\Oto-Yikama\oto-yikama-backend\[39msrc\reservations\reservations.service.ts:234:34[90m)[39m
    at async [90mC:\Users\polat\Oto-Yikama\oto-yikama-backend\[39mnode_modules\[4m@nestjs\core[24m\router\router-execution-context.js:46:28
    at async [90mC:\Users\polat\Oto-Yikama\oto-yikama-backend\[39mnode_modules\[4m@nestjs\core[24m\router\router-proxy.js:9:17 {
  code: [32m'P2022'[39m,
  meta: {
    modelName: [32m'Reservation'[39m,
    column: [32m'Reservation.status'[39m
  },
  clientVersion: [32m'6.19.3'[39m
}
